[debug] [2022-12-08T08:26:15.092Z] ----------------------------------------------------------------------
[debug] [2022-12-08T08:26:15.094Z] Command:       C:\Program Files\nodejs\node.exe C:\Users\mjaganmohanreddy\AppData\Roaming\npm\node_modules\firebase-tools\lib\bin\firebase.js init
[debug] [2022-12-08T08:26:15.094Z] CLI Version:   11.17.0
[debug] [2022-12-08T08:26:15.095Z] Platform:      win32
[debug] [2022-12-08T08:26:15.095Z] Node Version:  v18.12.1
[debug] [2022-12-08T08:26:15.095Z] Time:          Thu Dec 08 2022 13:56:15 GMT+0530 (India Standard Time)
[debug] [2022-12-08T08:26:15.096Z] ----------------------------------------------------------------------
[debug] 
[debug] [2022-12-08T08:26:15.103Z] > command requires scopes: ["email","openid","https://www.googleapis.com/auth/cloudplatformprojects.readonly","https://www.googleapis.com/auth/firebase","https://www.googleapis.com/auth/cloud-platform"]
[debug] [2022-12-08T08:26:15.104Z] > authorizing via signed-in user (rajksreddy@gmail.com)
[info] 
     ######## #### ########  ######## ########     ###     ######  ########
     ##        ##  ##     ## ##       ##     ##  ##   ##  ##       ##
     ######    ##  ########  ######   ########  #########  ######  ######
     ##        ##  ##    ##  ##       ##     ## ##     ##       ## ##
     ##       #### ##     ## ######## ########  ##     ##  ######  ########

You're about to initialize a Firebase project in this directory:

  C:\Users\mjaganmohanreddy\FireBasics

[info] 
=== Project Setup
[info] 
[info] First, let's associate this project directory with a Firebase project.
[info] You can create multiple project aliases by running firebase use --add, 
[info] but for now we'll just set up a default project.
[info] 
[debug] [2022-12-08T08:26:41.337Z] > refreshing access token with scopes: []
[debug] [2022-12-08T08:26:41.341Z] >>> [apiv2][query] POST https://www.googleapis.com/oauth2/v3/token [none]
[debug] [2022-12-08T08:26:41.341Z] >>> [apiv2][body] POST https://www.googleapis.com/oauth2/v3/token [omitted]
[debug] [2022-12-08T08:26:41.987Z] <<< [apiv2][status] POST https://www.googleapis.com/oauth2/v3/token 200
[debug] [2022-12-08T08:26:41.987Z] <<< [apiv2][body] POST https://www.googleapis.com/oauth2/v3/token [omitted]
[debug] [2022-12-08T08:26:42.017Z] >>> [apiv2][query] GET https://firebase.googleapis.com/v1beta1/projects pageSize=100
[debug] [2022-12-08T08:26:43.161Z] <<< [apiv2][status] GET https://firebase.googleapis.com/v1beta1/projects 200
[debug] [2022-12-08T08:26:43.162Z] <<< [apiv2][body] GET https://firebase.googleapis.com/v1beta1/projects [omitted]
[info] i  Using project dev-chat-df4b2 (dev-chat) 
[info] 
=== Hosting Setup
[info] 
[info] Your public directory is the folder (relative to your project directory) that
[info] will contain Hosting assets to be uploaded with firebase deploy. If you
[info] have a build process for your assets, use your build's output directory.
[info] 
[debug] [2022-12-08T08:28:53.058Z] >>> [apiv2][query] GET https://www.gstatic.com/firebasejs/releases.json [none]
[debug] [2022-12-08T08:28:53.523Z] <<< [apiv2][status] GET https://www.gstatic.com/firebasejs/releases.json 200
[debug] [2022-12-08T08:28:53.524Z] <<< [apiv2][body] GET https://www.gstatic.com/firebasejs/releases.json {"current":{"version":"9.14.0","browserURL":"https://www.gstatic.com/firebasejs/9.14.0/firebase.js","packageURL":"https://www.gstatic.com/firebasejs/9.14.0/firebase.tgz"},"live":{"version":"9.14","browserURL":"https://www.gstatic.com/firebasejs/live/9.14/firebase.js","packageURL":"https://www.gstatic.com/firebasejs/live/9.14/firebase.tgz"},"components":{"analytics":"https://www.gstatic.com/firebasejs/9.14.0/firebase-analytics.js","app":"https://www.gstatic.com/firebasejs/9.14.0/firebase-app.js","app-check":"https://www.gstatic.com/firebasejs/9.14.0/firebase-app-check.js","auth":"https://www.gstatic.com/firebasejs/9.14.0/firebase-auth.js","auth/cordova":"https://www.gstatic.com/firebasejs/9.14.0/firebase-auth/cordova.js","auth/react-native":"https://www.gstatic.com/firebasejs/9.14.0/firebase-auth/react-native.js","functions":"https://www.gstatic.com/firebasejs/9.14.0/firebase-functions.js","firestore":"https://www.gstatic.com/firebasejs/9.14.0/firebase-firestore.js","firestore/lite":"https://www.gstatic.com/firebasejs/9.14.0/firebase-firestore/lite.js","installations":"https://www.gstatic.com/firebasejs/9.14.0/firebase-installations.js","storage":"https://www.gstatic.com/firebasejs/9.14.0/firebase-storage.js","performance":"https://www.gstatic.com/firebasejs/9.14.0/firebase-performance.js","remote-config":"https://www.gstatic.com/firebasejs/9.14.0/firebase-remote-config.js","messaging":"https://www.gstatic.com/firebasejs/9.14.0/firebase-messaging.js","messaging/sw":"https://www.gstatic.com/firebasejs/9.14.0/firebase-messaging/sw.js","database":"https://www.gstatic.com/firebasejs/9.14.0/firebase-database.js","firestore.memory":"https://www.gstatic.com/firebasejs/9.14.0/firebase-firestore.memory.js"}}
[info] i  Skipping write of public/index.html 
[info] 
[info] i  Didn't detect a .git folder. Assuming C:\Users\mjaganmohanreddy\FireBasics is the project root. 
[info] i  Authorizing with GitHub to upload your service account to a GitHub repository's secrets store. 
[info] 
[info] Visit this URL on this device to log in:
[info] https://github.com/login/oauth/authorize?client_id=89cf50f02ac6aaed3484&state=544352397&redirect_uri=http%3A%2F%2Flocalhost%3A9005&scope=read%3Auser%20repo%20public_repo
[info] 
[info] Waiting for authentication...
[debug] [2022-12-08T08:30:01.270Z] >>> [apiv2][query] POST https://github.com/login/oauth/access_token [none]
[debug] [2022-12-08T08:30:01.270Z] >>> [apiv2][body] POST https://github.com/login/oauth/access_token [stream]
[debug] [2022-12-08T08:30:02.944Z] <<< [apiv2][status] POST https://github.com/login/oauth/access_token 200
[debug] [2022-12-08T08:30:02.944Z] <<< [apiv2][body] POST https://github.com/login/oauth/access_token {"access_token":"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","token_type":"bearer","scope":"read:user,repo"}
[debug] [2022-12-08T08:30:02.960Z] >>> [apiv2][query] GET https://api.github.com/user [none]
[debug] [2022-12-08T08:30:03.641Z] <<< [apiv2][status] GET https://api.github.com/user 200
[debug] [2022-12-08T08:30:03.642Z] <<< [apiv2][body] GET https://api.github.com/user {"login":"Rajashekarksreddy","id":88646098,"node_id":"MDQ6VXNlcjg4NjQ2MDk4","avatar_url":"https://avatars.githubusercontent.com/u/88646098?v=4","gravatar_id":"","url":"https://api.github.com/users/Rajashekarksreddy","html_url":"https://github.com/Rajashekarksreddy","followers_url":"https://api.github.com/users/Rajashekarksreddy/followers","following_url":"https://api.github.com/users/Rajashekarksreddy/following{/other_user}","gists_url":"https://api.github.com/users/Rajashekarksreddy/gists{/gist_id}","starred_url":"https://api.github.com/users/Rajashekarksreddy/starred{/owner}{/repo}","subscriptions_url":"https://api.github.com/users/Rajashekarksreddy/subscriptions","organizations_url":"https://api.github.com/users/Rajashekarksreddy/orgs","repos_url":"https://api.github.com/users/Rajashekarksreddy/repos","events_url":"https://api.github.com/users/Rajashekarksreddy/events{/privacy}","received_events_url":"https://api.github.com/users/Rajashekarksreddy/received_events","type":"User","site_admin":false,"name":"Rajashekar ks","company":null,"blog":"","location":"andhra pradesh","email":null,"hireable":true,"bio":"backend developer","twitter_username":null,"public_repos":8,"public_gists":0,"followers":0,"following":8,"created_at":"2021-08-09T05:24:13Z","updated_at":"2022-11-16T02:01:44Z","private_gists":0,"total_private_repos":12,"owned_private_repos":12,"disk_usage":12672,"collaborators":0,"two_factor_authentication":false,"plan":{"name":"free","space":976562499,"collaborators":0,"private_repos":10000}}
[info] 
[info] +  Success! Logged into GitHub as Rajashekarksreddy 
[info] 
[debug] [2022-12-08T08:30:53.025Z] >>> [apiv2][query] GET https://api.github.com/repos//actions/secrets/public-key type=owner
[debug] [2022-12-08T08:30:53.938Z] <<< [apiv2][status] GET https://api.github.com/repos//actions/secrets/public-key 404
[debug] [2022-12-08T08:30:53.938Z] <<< [apiv2][body] GET https://api.github.com/repos//actions/secrets/public-key {"message":"Not Found","documentation_url":"https://docs.github.com/rest"}
[debug] [2022-12-08T08:30:55.016Z] >>> [apiv2][query] GET https://api.github.com/repos//actions/secrets/public-key type=owner
[debug] [2022-12-08T08:30:55.681Z] <<< [apiv2][status] GET https://api.github.com/repos//actions/secrets/public-key 404
[debug] [2022-12-08T08:30:55.681Z] <<< [apiv2][body] GET https://api.github.com/repos//actions/secrets/public-key {"message":"Not Found","documentation_url":"https://docs.github.com/rest"}
